# JRE version: Java(TM) SE Runtime Environment 18.9 (11.0.12+8) (build 11.0.12+8-LTS-237)
# Java VM: Java HotSpot(TM) 64-Bit Server VM 18.9 (11.0.12+8-LTS-237, mixed mode, tiered, compressed oops, g1 gc, windows-amd64)
Heap:
 garbage-first heap   total 275456K, used 122872K [0x0000000720c00000, 0x0000000800000000)
  region size 1024K, 56 young (57344K), 4 survivors (4096K)
 Metaspace       used 96744K, capacity 100871K, committed 101020K, reserved 1136640K
  class space    used 12538K, capacity 13984K, committed 14080K, reserved 1048576K
GC Heap History (10 events):
Event: 7.438 GC heap after
{Heap after GC invocations=6 (full 0):
 garbage-first heap   total 229376K, used 20966K [0x0000000720c00000, 0x0000000800000000)
  region size 1024K, 10 young (10240K), 10 survivors (10240K)
 Metaspace       used 35026K, capacity 35674K, committed 35888K, reserved 1081344K
  class space    used 3717K, capacity 3951K, committed 3968K, reserved 1048576K
}
Event: 11.184 GC heap before
{Heap before GC invocations=7 (full 0):
 garbage-first heap   total 229376K, used 174566K [0x0000000720c00000, 0x0000000800000000)
  region size 1024K, 134 young (137216K), 10 survivors (10240K)
 Metaspace       used 48491K, capacity 49798K, committed 49948K, reserved 1093632K
  class space    used 5262K, capacity 5754K, committed 5760K, reserved 1048576K
}
Event: 11.202 GC heap after
{Heap after GC invocations=8 (full 0):
 garbage-first heap   total 229376K, used 48086K [0x0000000720c00000, 0x0000000800000000)
  region size 1024K, 17 young (17408K), 17 survivors (17408K)
 Metaspace       used 48491K, capacity 49798K, committed 49948K, reserved 1093632K
  class space    used 5262K, capacity 5754K, committed 5760K, reserved 1048576K
}
Event: 21.067 GC heap before
{Heap before GC invocations=8 (full 0):
 garbage-first heap   total 229376K, used 138198K [0x0000000720c00000, 0x0000000800000000)
  region size 1024K, 105 young (107520K), 17 survivors (17408K)
 Metaspace       used 57985K, capacity 60238K, committed 60420K, reserved 1103872K
  class space    used 6364K, capacity 7089K, committed 7168K, reserved 1048576K
}
Event: 21.083 GC heap after
{Heap after GC invocations=9 (full 0):
 garbage-first heap   total 275456K, used 54018K [0x0000000720c00000, 0x0000000800000000)
  region size 1024K, 5 young (5120K), 5 survivors (5120K)
 Metaspace       used 57985K, capacity 60238K, committed 60420K, reserved 1103872K
  class space    used 6364K, capacity 7089K, committed 7168K, reserved 1048576K
}
Event: 22.762 GC heap before
{Heap before GC invocations=10 (full 0):
 garbage-first heap   total 275456K, used 178946K [0x0000000720c00000, 0x0000000800000000)
  region size 1024K, 127 young (130048K), 5 survivors (5120K)
 Metaspace       used 75359K, capacity 78114K, committed 78236K, reserved 1118208K
  class space    used 8769K, capacity 9705K, committed 9728K, reserved 1048576K
}
Event: 22.770 GC heap after
{Heap after GC invocations=11 (full 0):
 garbage-first heap   total 275456K, used 60012K [0x0000000720c00000, 0x0000000800000000)
  region size 1024K, 11 young (11264K), 11 survivors (11264K)
 Metaspace       used 75359K, capacity 78114K, committed 78236K, reserved 1118208K
  class space    used 8769K, capacity 9705K, committed 9728K, reserved 1048576K
}
Event: 24.115 GC heap before
{Heap before GC invocations=11 (full 0):
 garbage-first heap   total 275456K, used 188012K [0x0000000720c00000, 0x0000000800000000)
  region size 1024K, 135 young (138240K), 11 survivors (11264K)
 Metaspace       used 90743K, capacity 94709K, committed 94876K, reserved 1130496K
  class space    used 11953K, capacity 13302K, committed 13312K, reserved 1048576K
}
Event: 24.131 GC heap after
{Heap after GC invocations=12 (full 0):
 garbage-first heap   total 275456K, used 70134K [0x0000000720c00000, 0x0000000800000000)
  region size 1024K, 16 young (16384K), 16 survivors (16384K)
 Metaspace       used 90743K, capacity 94709K, committed 94876K, reserved 1130496K
  class space    used 11953K, capacity 13302K, committed 13312K, reserved 1048576K
}
Event: 24.677 GC heap before
{Heap before GC invocations=12 (full 0):
 garbage-first heap   total 275456K, used 122358K [0x0000000720c00000, 0x0000000800000000)
  region size 1024K, 68 young (69632K), 16 survivors (16384K)
 Metaspace       used 96744K, capacity 100871K, committed 101020K, reserved 1136640K
  class space    used 12538K, capacity 13984K, committed 14080K, reserved 1048576K
}

