<?xml version="1.0" encoding="UTF-8"?>
<!-- Generated by org.testng.reporters.JUnitXMLReporter -->
<testsuite ignored="0" hostname="Laptop-Eduardo" failures="0" tests="3" name="Command line test" time="0.055" errors="0" timestamp="2022-03-31T21:25:54 PET">
  <testcase classname="lab.ManageDemandTest" name="test_AllOrdersFromBrazil" time="0.005"/>
  <testcase classname="lab.ManageDemandTest" name="test_AllOrdersFromColombia" time="0.0"/>
  <testcase classname="lab.ManageDemandTest" name="test_AllOrdersFromPeru" time="0.0"/>
</testsuite> <!-- Command line test -->
