<?xml version="1.0" encoding="UTF-8"?>
<testng-results ignored="0" total="3" passed="3" failed="0" skipped="0">
  <reporter-output>
  </reporter-output>
  <suite started-at="2022-03-31T21:25:54 PET" name="Command line suite" finished-at="2022-03-31T21:25:54 PET" duration-ms="55">
    <groups>
    </groups>
    <test started-at="2022-03-31T21:25:54 PET" name="Command line test" finished-at="2022-03-31T21:25:54 PET" duration-ms="55">
      <class name="lab.ManageDemandTest">
        <test-method is-config="true" signature="setup()[pri:0, instance:lab.ManageDemandTest@27f723]" started-at="2022-03-31T21:25:54 PET" name="setup" finished-at="2022-03-31T21:25:54 PET" duration-ms="12" status="PASS">
          <reporter-output>
          </reporter-output>
        </test-method> <!-- setup -->
        <test-method signature="test_AllOrdersFromBrazil()[pri:0, instance:lab.ManageDemandTest@27f723]" started-at="2022-03-31T21:25:54 PET" name="test_AllOrdersFromBrazil" finished-at="2022-03-31T21:25:54 PET" duration-ms="5" status="PASS">
          <reporter-output>
          </reporter-output>
        </test-method> <!-- test_AllOrdersFromBrazil -->
        <test-method signature="test_AllOrdersFromColombia()[pri:0, instance:lab.ManageDemandTest@27f723]" started-at="2022-03-31T21:25:54 PET" name="test_AllOrdersFromColombia" finished-at="2022-03-31T21:25:54 PET" duration-ms="0" status="PASS">
          <reporter-output>
          </reporter-output>
        </test-method> <!-- test_AllOrdersFromColombia -->
        <test-method signature="test_AllOrdersFromPeru()[pri:0, instance:lab.ManageDemandTest@27f723]" started-at="2022-03-31T21:25:54 PET" name="test_AllOrdersFromPeru" finished-at="2022-03-31T21:25:54 PET" duration-ms="0" status="PASS">
          <reporter-output>
          </reporter-output>
        </test-method> <!-- test_AllOrdersFromPeru -->
      </class> <!-- lab.ManageDemandTest -->
    </test> <!-- Command line test -->
  </suite> <!-- Command line suite -->
</testng-results>
