<?xml version="1.0" encoding="UTF-8"?>
<testsuite xmlns:xsi="http://www.w3.org/2001/XMLSchema-instance" xsi:noNamespaceSchemaLocation="https://maven.apache.org/surefire/maven-surefire-plugin/xsd/surefire-test-report-3.0.xsd" version="3.0" name="TestSuite" time="1.054" tests="4" errors="0" skipped="0" failures="0">
  <properties>
[...]
</properties>
  <testcase name="test_AllOrdersFromBrazil" classname="lab.ManageDemandTest" time="0.011">
    <system-out><![CDATA[Configuring TestNG with: TestNG60Configurator
]]></system-out>
  </testcase>
  <testcase name="test_AllOrdersFromColombia" classname="lab.ManageDemandTest" time="0"/>
  <testcase name="test_AllOrdersFromPeru" classname="lab.ManageDemandTest" time="0.001"/>
  <testcase name="test_emptyList" classname="lab.ManageDemandTest" time="0"/>
</testsuite>