<?xml version="1.0" encoding="UTF-8"?>
<testng-results ignored="0" total="4" passed="4" failed="0" skipped="0">
  <reporter-output>
  </reporter-output>
  <suite started-at="2022-04-01T21:07:11 COT" name="Surefire suite" finished-at="2022-04-01T21:07:11 COT" duration-ms="107">
    <groups>
    </groups>
    <test started-at="2022-04-01T21:07:11 COT" name="Surefire test" finished-at="2022-04-01T21:07:11 COT" duration-ms="107">
      <class name="lab.ManageDemandTest">
        <test-method is-config="true" signature="setup()[pri:0, instance:lab.ManageDemandTest@658255aa]" started-at="2022-04-01T21:07:11 COT" name="setup" finished-at="2022-04-01T21:07:11 COT" duration-ms="33" status="PASS">
          <reporter-output>
          </reporter-output>
        </test-method> <!-- setup -->
        <test-method signature="test_AllOrdersFromBrazil()[pri:0, instance:lab.ManageDemandTest@658255aa]" started-at="2022-04-01T21:07:11 COT" name="test_AllOrdersFromBrazil" finished-at="2022-04-01T21:07:11 COT" duration-ms="11" status="PASS">
          <reporter-output>
          </reporter-output>
        </test-method> <!-- test_AllOrdersFromBrazil -->
        <test-method signature="test_AllOrdersFromColombia()[pri:0, instance:lab.ManageDemandTest@658255aa]" started-at="2022-04-01T21:07:11 COT" name="test_AllOrdersFromColombia" finished-at="2022-04-01T21:07:11 COT" duration-ms="0" status="PASS">
          <reporter-output>
          </reporter-output>
        </test-method> <!-- test_AllOrdersFromColombia -->
        <test-method signature="test_AllOrdersFromPeru()[pri:0, instance:lab.ManageDemandTest@658255aa]" started-at="2022-04-01T21:07:11 COT" name="test_AllOrdersFromPeru" finished-at="2022-04-01T21:07:11 COT" duration-ms="0" status="PASS">
          <reporter-output>
          </reporter-output>
        </test-method> <!-- test_AllOrdersFromPeru -->
        <test-method signature="test_emptyList()[pri:0, instance:lab.ManageDemandTest@658255aa]" started-at="2022-04-01T21:07:11 COT" name="test_emptyList" finished-at="2022-04-01T21:07:11 COT" duration-ms="0" status="PASS">
          <reporter-output>
          </reporter-output>
        </test-method> <!-- test_emptyList -->
      </class> <!-- lab.ManageDemandTest -->
    </test> <!-- Surefire test -->
  </suite> <!-- Surefire suite -->
</testng-results>
