<?xml version="1.0" encoding="UTF-8" ?>
<testsuite tests="4" failures="0" name="TestSuite" time="0.005" errors="0" skipped="0">
  <properties>
[...]
</properties>
  <testcase classname="lab.ManageDemandTest" name="test_AllOrdersFromBrazil" time="0.005"/>
  <testcase classname="lab.ManageDemandTest" name="test_AllOrdersFromColombia" time="0"/>
  <testcase classname="lab.ManageDemandTest" name="test_AllOrdersFromPeru" time="0"/>
  <testcase classname="lab.ManageDemandTest" name="test_emptyList" time="0"/>
</testsuite>